<component name="libraryTable">
  <library name="junit-4.13-SNAPSHOT">
    <CLASSES>
      <root url="jar://$USER_HOME$/.gradle/caches/modules-2/files-2.1/junit/junit/4.13-SNAPSHOT/df41a429a5e0732b2a6f8491ed528cc011e896f4/junit-4.13-SNAPSHOT.jar!/" />
    </CLASSES>
    <JAVADOC />
    <SOURCES>
      <root url="jar://$USER_HOME$/.gradle/caches/modules-2/files-2.1/junit/junit/4.13-SNAPSHOT/53d276343b15971d8e600a242015fee70c53faac/junit-4.13-SNAPSHOT-sources.jar!/" />
    </SOURCES>
  </library>
</component>