<component name="libraryTable">
  <library name="JUnitParams-1.1.1">
    <CLASSES>
      <root url="jar://$USER_HOME$/.gradle/caches/modules-2/files-2.1/pl.pragmatists/JUnitParams/1.1.1/20981e022b8d21deb374c2888bb0be5f6d371a8f/JUnitParams-1.1.1.jar!/" />
    </CLASSES>
    <JAVADOC />
    <SOURCES>
      <root url="jar://$USER_HOME$/.gradle/caches/modules-2/files-2.1/pl.pragmatists/JUnitParams/1.1.1/c90b5cb0b6fb0c332a3bbb9ea9bb467fb7604cb7/JUnitParams-1.1.1-sources.jar!/" />
    </SOURCES>
  </library>
</component>